<?xml version="1.0" encoding="UTF-8"?>
<testng-results skipped="0" failed="1" ignored="7" total="8" passed="0">
  <reporter-output>
  </reporter-output>
  <suite name="Default suite" duration-ms="6645" started-at="2022-10-06T23:33:45Z" finished-at="2022-10-06T23:33:52Z">
    <groups>
    </groups>
    <test name="Default test" duration-ms="6645" started-at="2022-10-06T23:33:45Z" finished-at="2022-10-06T23:33:52Z">
      <class name="testPages.HomePageTest">
        <test-method status="PASS" signature="setUp()[pri:0, instance:testPages.HomePageTest@4f7d0008]" name="setUp" is-config="true" duration-ms="4659" started-at="2022-10-06T19:33:45Z" finished-at="2022-10-06T19:33:50Z">
          <reporter-output>
          </reporter-output>
        </test-method> <!-- setUp -->
        <test-method status="FAIL" signature="dropdown_selectValue_method()[pri:0, instance:testPages.HomePageTest@4f7d0008]" name="dropdown_selectValue_method" duration-ms="1300" started-at="2022-10-06T19:33:50Z" finished-at="2022-10-06T19:33:51Z">
          <exception class="org.openqa.selenium.NoSuchElementException">
            <message>
              <![CDATA[Cannot locate option with value: aamazon com,stripbooks,149
For documentation on this error, please visit: https://selenium.dev/exceptions/#no_such_element
Build info: version: '4.4.0', revision: 'e5c75ed026a'
System info: host: 'LAPTOP-60J7QEQ1', ip: '192.168.0.15', os.name: 'Windows 11', os.arch: 'amd64', os.version: '10.0', java.version: '1.8.0_341'
Driver info: driver.version: unknown]]>
            </message>
            <full-stacktrace>
              <![CDATA[org.openqa.selenium.NoSuchElementException: Cannot locate option with value: aamazon com,stripbooks,149
For documentation on this error, please visit: https://selenium.dev/exceptions/#no_such_element
Build info: version: '4.4.0', revision: 'e5c75ed026a'
System info: host: 'LAPTOP-60J7QEQ1', ip: '192.168.0.15', os.name: 'Windows 11', os.arch: 'amd64', os.version: '10.0', java.version: '1.8.0_341'
Driver info: driver.version: unknown
	at org.openqa.selenium.support.ui.Select.findOptionsByValue(Select.java:287)
	at org.openqa.selenium.support.ui.Select.selectByValue(Select.java:190)
	at testPages.HomePageTest.dropdown_selectValue_method(HomePageTest.java:46)
	at sun.reflect.NativeMethodAccessorImpl.invoke0(Native Method)
	at sun.reflect.NativeMethodAccessorImpl.invoke(NativeMethodAccessorImpl.java:62)
	at sun.reflect.DelegatingMethodAccessorImpl.invoke(DelegatingMethodAccessorImpl.java:43)
	at java.lang.reflect.Method.invoke(Method.java:498)
	at org.testng.internal.MethodInvocationHelper.invokeMethod(MethodInvocationHelper.java:108)
	at org.testng.internal.Invoker.invokeMethod(Invoker.java:661)
	at org.testng.internal.Invoker.invokeTestMethod(Invoker.java:869)
	at org.testng.internal.Invoker.invokeTestMethods(Invoker.java:1193)
	at org.testng.internal.TestMethodWorker.invokeTestMethods(TestMethodWorker.java:126)
	at org.testng.internal.TestMethodWorker.run(TestMethodWorker.java:109)
	at org.testng.TestRunner.privateRun(TestRunner.java:744)
	at org.testng.TestRunner.run(TestRunner.java:602)
	at org.testng.SuiteRunner.runTest(SuiteRunner.java:380)
	at org.testng.SuiteRunner.runSequentially(SuiteRunner.java:375)
	at org.testng.SuiteRunner.privateRun(SuiteRunner.java:340)
	at org.testng.SuiteRunner.run(SuiteRunner.java:289)
	at org.testng.SuiteRunnerWorker.runSuite(SuiteRunnerWorker.java:52)
	at org.testng.SuiteRunnerWorker.run(SuiteRunnerWorker.java:86)
	at org.testng.TestNG.runSuitesSequentially(TestNG.java:1301)
	at org.testng.TestNG.runSuitesLocally(TestNG.java:1226)
	at org.testng.TestNG.runSuites(TestNG.java:1144)
	at org.testng.TestNG.run(TestNG.java:1115)
	at org.testng.remote.AbstractRemoteTestNG.run(AbstractRemoteTestNG.java:132)
	at org.testng.remote.RemoteTestNG.initAndRun(RemoteTestNG.java:230)
	at org.testng.remote.RemoteTestNG.main(RemoteTestNG.java:76)
]]>
            </full-stacktrace>
          </exception> <!-- org.openqa.selenium.NoSuchElementException -->
          <reporter-output>
          </reporter-output>
        </test-method> <!-- dropdown_selectValue_method -->
        <test-method status="PASS" signature="tearUp()[pri:0, instance:testPages.HomePageTest@4f7d0008]" name="tearUp" is-config="true" duration-ms="671" started-at="2022-10-06T19:33:51Z" finished-at="2022-10-06T19:33:52Z">
          <reporter-output>
          </reporter-output>
        </test-method> <!-- tearUp -->
      </class> <!-- testPages.HomePageTest -->
    </test> <!-- Default test -->
  </suite> <!-- Default suite -->
</testng-results>
